2023-03-16 21:14:14 INFO  TelegramBot:98 - Answer to 381828737 :СОСИ
2023-03-16 21:14:15 INFO  TelegramBot:98 - Answer to 381828737 :ЧМО
2023-03-16 21:14:59 INFO  TelegramBot:98 - Answer to 5577467400 :idk this command
2023-03-16 21:15:11 INFO  TelegramBot:98 - Answer to 5577467400 :СОСИ
2023-03-16 21:15:12 INFO  TelegramBot:98 - Answer to 5577467400 :ЧМО
2023-03-16 22:41:30 INFO  TelegramBot:108 - Answer to 381828737 : СОСИ
2023-03-16 22:41:30 INFO  TelegramBot:108 - Answer to 381828737 : ЧМО
2023-03-16 22:41:33 INFO  TelegramBot:108 - Answer to 381828737 : СОСИ
2023-03-16 22:41:33 INFO  TelegramBot:108 - Answer to 381828737 : ЧМО
2023-03-16 22:49:41 INFO  TelegramBot:108 - Answer to 381828737 : idk this command
2023-03-16 22:49:41 INFO  TelegramBot:108 - Answer to 381828737 : idk this command
2023-03-16 22:50:07 INFO  TelegramBot:108 - Answer to 381828737 : СОСИ
2023-03-16 22:50:08 INFO  TelegramBot:108 - Answer to 381828737 : ЧМО
2023-03-16 22:50:29 INFO  TelegramBot:108 - Answer to 381828737 : СОСИ
2023-03-16 22:50:30 INFO  TelegramBot:108 - Answer to 381828737 : ЧМО
2023-03-16 22:50:42 INFO  TelegramBot:108 - Answer to 381828737 : СОСИ
2023-03-16 22:50:43 INFO  TelegramBot:108 - Answer to 381828737 : ХУЙ
2023-03-16 22:51:20 INFO  TelegramBot:108 - Answer to 381828737 : СОСИ
2023-03-16 22:51:20 INFO  TelegramBot:108 - Answer to 381828737 : ХУЙ
2023-03-16 23:16:20 INFO  TelegramBot:108 - Answer to 381828737 : coming soon..
2023-03-16 23:16:20 INFO  TelegramBot:108 - Answer to 381828737 : coming soon..
2023-03-16 23:16:20 INFO  TelegramBot:108 - Answer to 381828737 : coming soon..
2023-03-16 23:16:20 INFO  TelegramBot:108 - Answer to 381828737 : ХУЙ
2023-03-17 13:17:07 INFO  TelegramBot:85 - User saved: User(chatId=381828737, userName=reptiliy4, registredAt=org.glassfish.grizzly.http.util.TimeStamp@711c34a1)
2023-03-19 12:20:03 INFO  TelegramBot:130 - Answer to 381828737 : coming soon..
2023-03-19 12:20:32 INFO  TelegramBot:130 - Answer to 381828737 : coming soon
2023-03-19 12:20:33 INFO  TelegramBot:130 - Answer to 381828737 : coming soon..
2023-03-19 13:06:59 INFO  TelegramBot:101 - User saved: User(chatId=381828737, userName=reptiliy4, registeredAt=2023-03-19T13:06:59.003002100)
2023-03-19 17:11:16 INFO  TelegramBot:180 - Answer to 381828737 : Write your reminder
2023-03-19 17:21:45 INFO  TelegramBot:174 - Answer to 381828737 : coming soon..
2023-03-19 17:21:45 INFO  TelegramBot:174 - Answer to 381828737 : coming soon..
2023-03-19 17:21:49 INFO  TelegramBot:174 - Answer to 381828737 : make_remind
2023-03-19 17:31:54 INFO  TelegramBot:174 - Answer to 381828737 : Write your reminder
2023-03-19 17:31:57 INFO  TelegramBot:174 - Answer to 381828737 : coming soon..
2023-03-19 17:32:55 INFO  TelegramBot:175 - Answer to 381828737 : Write your reminder
2023-03-19 17:32:57 INFO  TelegramBot:175 - Answer to 381828737 : coming soon..
2023-03-19 17:34:17 INFO  TelegramBot:180 - Answer to 381828737 : Write your reminder
2023-03-19 17:42:15 INFO  TelegramBot:186 - Answer to 381828737 : Write your reminder
2023-03-19 17:42:19 ERROR TelegramBot:90 - Error executing org.telegram.telegrambots.meta.api.methods.updates.GetUpdates query: [409] Conflict: terminated by other getUpdates request; make sure that only one bot instance is running
2023-03-19 17:42:23 INFO  TelegramBot:186 - Answer to 381828737 : coming soon..
2023-03-19 17:42:29 INFO  TelegramBot:186 - Answer to 381828737 : coming soon..
2023-03-19 17:43:27 INFO  TelegramBot:191 - Answer to 381828737 : Write your reminder
2023-03-19 17:43:31 ERROR TelegramBot:90 - Error executing org.telegram.telegrambots.meta.api.methods.updates.GetUpdates query: [409] Conflict: terminated by other getUpdates request; make sure that only one bot instance is running
2023-03-19 17:43:59 INFO  TelegramBot:191 - Answer to 381828737 : Write your reminder
2023-03-19 18:14:03 INFO  TelegramBot:171 - Answer to 381828737 : Write your reminder
