2023-03-23 10:10:51 INFO  TelegramBot:141 - Answer to 381828737 : CREATE
2023-03-23 10:12:20 INFO  TelegramBot:142 - Answer to 381828737 : Write your reminder
2023-03-23 10:13:06 INFO  TelegramBot:142 - Answer to 381828737 : CREATE
2023-03-23 10:14:23 INFO  TelegramBot:142 - Answer to 381828737 : CREATE
2023-03-23 10:14:25 INFO  TelegramBot:142 - Answer to 381828737 : CREATE
2023-03-23 12:07:45 INFO  TelegramBot:150 - Answer to 381828737 : Write your reminder
2023-03-23 12:07:51 INFO  TelegramBot:150 - Answer to 381828737 : Done!
2023-03-23 12:09:32 INFO  TelegramBot:150 - Answer to 381828737 : Write your reminder
2023-03-23 12:09:47 INFO  TelegramBot:150 - Answer to 381828737 : Done!
2023-03-23 12:17:31 ERROR TelegramBot:161 - Error: Keyboard parameter can't be null
2023-03-23 12:24:04 ERROR TelegramBot:158 - Error: RemoveKeyboard parameter can't be null
2023-03-23 13:33:51 ERROR TelegramBot:193 - Error: Error executing org.telegram.telegrambots.meta.api.methods.send.SendMessage query: [400] Bad Request: can't parse inline keyboard button: Text buttons are unallowed in the inline keyboard
2023-03-23 13:35:49 INFO  TelegramBot:184 - Answer to 962549175 : VIEW
2023-03-23 21:51:32 INFO  TelegramBot:195 - Answer to 381828737 : VIEW
2023-03-23 23:19:06 ERROR TelegramBot:206 - Error: Error executing org.telegram.telegrambots.meta.api.methods.send.SendMessage query: [400] Bad Request: can't parse inline keyboard button: Text buttons are unallowed in the inline keyboard
2023-03-23 23:20:08 ERROR TelegramBot:206 - Error: Error executing org.telegram.telegrambots.meta.api.methods.send.SendMessage query: [400] Bad Request: can't parse inline keyboard button: Text buttons are unallowed in the inline keyboard
2023-03-23 23:22:24 INFO  TelegramBot:198 - Answer to 5577467400 : VIEW
2023-03-23 23:23:00 INFO  TelegramBot:198 - Answer to 5577467400 : VIEW
2023-03-25 09:26:03 INFO  TelegramBot:243 - Answer to 381828737 : Choose the reminder to update
2023-03-25 09:30:15 INFO  TelegramBot:246 - Answer to 381828737 : Choose the reminder to update
2023-03-25 09:34:39 INFO  TelegramBot:246 - Answer to 381828737 : Choose the reminder to update
2023-03-25 09:40:57 INFO  TelegramBot:244 - Answer to 381828737 : Choose the reminder to update
2023-03-25 10:10:26 INFO  TelegramBot:243 - Answer to 381828737 : Choose the reminder to update
2023-03-25 10:11:58 INFO  TelegramBot:243 - Answer to 381828737 : Choose the reminder to delete
2023-03-25 10:17:46 INFO  TelegramBot:243 - Answer to 381828737 : Choose the reminder to delete
2023-03-25 10:20:01 INFO  TelegramBot:243 - Answer to 381828737 : Choose the reminder to delete
2023-03-25 10:22:45 INFO  TelegramBot:243 - Answer to 381828737 : Choose the reminder to delete
2023-03-25 10:23:29 INFO  TelegramBot:243 - Answer to 381828737 : Choose the reminder to delete
2023-03-25 10:25:20 INFO  TelegramBot:243 - Answer to 381828737 : Choose the reminder to delete
2023-03-25 10:29:14 INFO  TelegramBot:243 - Answer to 381828737 : Choose the reminder to delete
2023-03-25 10:31:39 INFO  TelegramBot:243 - Answer to 381828737 : Choose the reminder to delete
2023-03-25 10:32:23 INFO  TelegramBot:243 - Answer to 381828737 : Choose the reminder to delete
2023-03-25 10:34:03 INFO  TelegramBot:243 - Answer to 381828737 : Choose the reminder to delete
2023-03-25 10:35:57 INFO  TelegramBot:243 - Answer to 381828737 : Choose the reminder to delete
2023-03-25 10:45:10 INFO  TelegramBot:243 - Answer to 381828737 : Choose the reminder to delete
2023-03-25 15:17:13 INFO  TelegramBot:233 - Answer to 381828737 : Choose the reminder to update
2023-03-25 15:18:31 INFO  TelegramBot:229 - Answer to 381828737 : Choose the reminder to update
2023-03-25 15:18:36 INFO  TelegramBot:229 - Answer to 381828737 : Choose the reminder to update
2023-03-25 15:18:40 INFO  TelegramBot:229 - Answer to 381828737 : Choose the reminder to delete
2023-03-25 15:18:42 INFO  TelegramBot:229 - Answer to 381828737 : Choose the reminder to update
2023-03-25 15:18:47 INFO  TelegramBot:229 - Answer to 381828737 : Choose the reminder to delete
2023-03-25 15:20:23 INFO  TelegramBot:229 - Answer to 381828737 : Choose the reminder to update
2023-03-25 15:20:31 INFO  TelegramBot:229 - Answer to 381828737 : Choose the reminder to delete
2023-03-25 15:20:48 INFO  TelegramBot:229 - Answer to 381828737 : Choose the reminder to update
2023-03-25 15:20:54 INFO  TelegramBot:229 - Answer to 381828737 : Choose the reminder to delete
2023-03-25 15:23:54 INFO  TelegramBot:232 - Answer to 381828737 : Choose the reminder to update
2023-03-25 15:24:06 INFO  TelegramBot:232 - Answer to 381828737 : Choose the reminder to delete
2023-03-25 15:29:13 INFO  TelegramBot:242 - Answer to 381828737 : Choose the reminder to delete
2023-03-25 23:25:03 INFO  TelegramBot:233 - Answer to 381828737 : Choose the reminder to update
2023-03-25 23:25:10 INFO  TelegramBot:233 - Answer to 381828737 : Choose the reminder to delete
2023-03-25 23:26:01 INFO  TelegramBot:233 - Answer to 381828737 : Choose the reminder to update
2023-03-25 23:26:05 INFO  TelegramBot:233 - Answer to 381828737 : Choose the reminder to delete
2023-03-25 23:26:13 INFO  TelegramBot:233 - Answer to 381828737 : Choose the reminder to delete
2023-03-25 23:27:13 INFO  TelegramBot:234 - Answer to 381828737 : Choose the reminder to update
2023-03-25 23:27:17 ERROR TelegramBot:243 - Error: Text parameter can't be empty
2023-03-25 23:29:13 INFO  TelegramBot:234 - Answer to 381828737 : Choose the reminder to update
2023-03-26 23:45:19 INFO  TelegramBot:239 - Answer to 381828737 : Choose the reminder to delete
